<?xml version="1.0" encoding="UTF-8"?>
<!-- Generated by org.testng.reporters.JUnitReportReporter -->
<testsuite hostname="sanket" failures="0" tests="6" name="testClass.Visa" time="1.894" errors="0" timestamp="2024-09-07T14:38:54 IST" skipped="0">
  <testcase classname="testClass.Visa" name="applyVisaOnline" time="0.175"/>
  <system-out/>
  <testcase classname="testClass.Visa" name="checkVisaPageUrl" time="0.003"/>
  <system-out/>
  <testcase classname="testClass.Visa" name="applyVisaOnline" time="0.157"/>
  <system-out/>
  <testcase classname="testClass.Visa" name="checkApplyVisaOnlineText" time="0.039"/>
  <system-out/>
  <testcase classname="testClass.Visa" name="applyVisaOnline" time="1.356"/>
  <system-out/>
  <testcase classname="testClass.Visa" name="applyVisaOnline" time="0.164"/>
  <system-out/>
</testsuite> <!-- testClass.Visa -->
