<?xml version="1.0" encoding="UTF-8"?>
<!-- Generated by org.testng.reporters.JUnitReportReporter -->
<testsuite hostname="sanket" failures="0" tests="1" name="testClass.SearchFlight" time="3.916" errors="0" timestamp="2024-09-07T14:38:54 IST" skipped="0">
  <testcase classname="testClass.SearchFlight" name="checkUrlOfTicketBookingPage" time="3.916"/>
  <system-out/>
</testsuite> <!-- testClass.SearchFlight -->
